Arguments: 
  /usr/bin/node /usr/bin/yarn

PATH: 
  /home/robinklemens/.cargo/bin:/usr/local/sbin:/usr/local/bin:/usr/sbin:/usr/bin:/sbin:/bin:/usr/games:/usr/local/games:/snap/bin:/usr/local/go/bin:/home/robinklemens/go/bin:/home/robinklemens/Documents/github/fabric-samples/bin:/usr/local/go/bin:/home/robinklemens/go/bin:/home/robinklemens/Documents/github/fabric-samples/bin

Yarn version: 
  1.22.17

Node version: 
  12.22.10

Platform: 
  linux x64

Trace: 
  SyntaxError: /home/robinklemens/Documents/github/kumoprotocol/packages/contracts/package.json: Unexpected token / in JSON at position 1171
      at JSON.parse (<anonymous>)
      at /usr/lib/node_modules/yarn/lib/cli.js:1625:59
      at Generator.next (<anonymous>)
      at step (/usr/lib/node_modules/yarn/lib/cli.js:310:30)
      at /usr/lib/node_modules/yarn/lib/cli.js:321:13

npm manifest: 
  {
    "name": "@liquity/contracts",
    "version": "1.0.0",
    "description": "",
    "main": "truffle-config.js",
    "directories": {
      "test": "test"
    },
    "scripts": {
      "hardhat": "hardhat",
      "prepare": "run-s prepare:*",
      "prepare:compile": "hardhat compile",
      "prepare:set-version": "node scripts/set-version.js",
      "test": "hardhat test",
      "coverage": "hardhat coverage",
      "coveralls": "cat coverage/lcov.info | coveralls"
    },
    "keywords": [],
    "author": "",
    "license": "ISC",
    "dependencies": {
      "decimal.js": "^10.2.0",
      "eth-mutants": "^0.1.1",
      "ethereumjs-util": "^7.0.9",
      "ethers": "^5.4.3",
      "solc": "^0.6.11",
      "xmlhttprequest": "^1.8.0"
    },
    "devDependencies": {
      "@nomiclabs/hardhat-ethers": "^2.0.5",
      "@nomiclabs/hardhat-etherscan": "^2.1.2",
      "@nomiclabs/hardhat-truffle5": "^2.0.0",
      "@nomiclabs/hardhat-web3": "^2.0.0",
      "@openzeppelin/contracts": "^4.5.0",
      "@openzeppelin/test-helpers": "^0.5.10",
      "eth-gas-reporter": "^0.2.22",
      "hardhat": "^2.6.1",
      "hardhat-gas-reporter": "^1.0.1",
      "npm-run-all": "^4.1.5",
      "solidity-coverage": "^0.7.16",
      "web3": "^1.3.4"
    }
  }
  // "@nomiclabs/hardhat-ethers": "^2.0.3", 
  // "@nomiclabs/hardhat-etherscan": "^2.1.2", 
  // "@nomiclabs/hardhat-truffle5": "^2.0.0", 
  // "@nomiclabs/hardhat-web3": "^2.0.0", 
  // "@openzeppelin/contracts": "^4.3.2", 
  // "@openzeppelin/hardhat-upgrades": "^1.12.0", 
  // "@openzeppelin/test-helpers": "^0.5.13",

yarn manifest: 
  No manifest

Lockfile: 
  No lockfile
